<?xml version="1.0" encoding="UTF-8"?>
<!-- Generated by org.testng.reporters.JUnitReportReporter -->
<testsuite hostname="vivobook-asuslaptop-x512flc-x512fl" failures="0" tests="1" name="com.apiTest.ApiTest.Organ_extraction" time="2.634" errors="0" timestamp="2024-04-15T14:45:08 IST" skipped="0">
  <testcase classname="com.apiTest.ApiTest.Organ_extraction" name="testAPIs" time="2.634"/>
</testsuite> <!-- com.apiTest.ApiTest.Organ_extraction -->
