<?xml version="1.0" encoding="UTF-8"?>
<!-- Generated by org.testng.reporters.JUnitReportReporter -->
<testsuite hostname="vivobook-asuslaptop-x512flc-x512fl" failures="0" tests="1" name="com.apiTest.ApiTest.MRI_Skull_Stripping" time="4.509" errors="0" timestamp="2024-04-15T14:36:40 IST" skipped="0">
  <testcase classname="com.apiTest.ApiTest.MRI_Skull_Stripping" name="testAPIs" time="4.509"/>
</testsuite> <!-- com.apiTest.ApiTest.MRI_Skull_Stripping -->
