<?xml version="1.0" encoding="UTF-8"?>
<!-- Generated by org.testng.reporters.JUnitReportReporter -->
<testsuite hostname="vivobook-asuslaptop-x512flc-x512fl" failures="0" tests="1" name="com.apiTest.ApiTest.APITest" time="1.261" errors="0" timestamp="2024-03-27T13:01:06 IST" skipped="0">
  <testcase classname="com.apiTest.ApiTest.APITest" name="iipsrv" time="1.261"/>
</testsuite> <!-- com.apiTest.ApiTest.APITest -->
