<?xml version="1.0" encoding="UTF-8"?>
<!-- Generated by org.testng.reporters.JUnitReportReporter -->
<testsuite hostname="vivobook-asuslaptop-x512flc-x512fl" failures="0" tests="1" name="com.apiTest.ApiTest.APITest" time="8.833" errors="0" timestamp="2024-06-07T13:36:11 IST" skipped="0">
  <testcase classname="com.apiTest.ApiTest.APITest" name="iipsrv" time="8.833"/>
</testsuite> <!-- com.apiTest.ApiTest.APITest -->
