<?xml version="1.0" encoding="UTF-8"?>
<!-- Generated by org.testng.reporters.JUnitReportReporter -->
<testsuite hostname="vivobook-asuslaptop-x512flc-x512fl" failures="0" tests="1" name="com.apiTest.ApiTest.Atlas_creation" time="4.562" errors="0" timestamp="2024-04-15T15:07:20 IST" skipped="0">
  <testcase classname="com.apiTest.ApiTest.Atlas_creation" name="testAPIs" time="4.562"/>
</testsuite> <!-- com.apiTest.ApiTest.Atlas_creation -->
