<?xml version="1.0" encoding="UTF-8"?>
<!-- Generated by org.testng.reporters.JUnitReportReporter -->
<testsuite hostname="vivobook-asuslaptop-x512flc-x512fl" failures="0" tests="1" name="com.apiTest.ApiTest.Dashboard_manipulation_API" time="1.813" errors="0" timestamp="2024-04-15T14:31:20 IST" skipped="0">
  <testcase classname="com.apiTest.ApiTest.Dashboard_manipulation_API" name="testAPIs" time="1.813"/>
</testsuite> <!-- com.apiTest.ApiTest.Dashboard_manipulation_API -->
