<?xml version="1.0" encoding="UTF-8"?>
<!-- Generated by org.testng.reporters.JUnitReportReporter -->
<testsuite hostname="vivobook-asuslaptop-x512flc-x512fl" failures="0" tests="1" name="com.apiTest.ApiTest.ExcelReader" time="0.233" errors="0" timestamp="2024-04-15T16:11:12 IST" skipped="0">
  <testcase classname="com.apiTest.ApiTest.ExcelReader" name="testAPIs" time="0.233"/>
</testsuite> <!-- com.apiTest.ApiTest.ExcelReader -->
