<?xml version="1.0" encoding="UTF-8"?>
<!-- Generated by org.testng.reporters.JUnitReportReporter -->
<testsuite hostname="vivobook-asuslaptop-x512flc-x512fl" failures="0" tests="1" name="com.apiTest.ApiTest.ap7v1_api" time="10.102" errors="0" timestamp="2024-06-07T15:12:57 IST" skipped="0">
  <testcase classname="com.apiTest.ApiTest.ap7v1_api" name="iipsrv" time="10.102"/>
</testsuite> <!-- com.apiTest.ApiTest.ap7v1_api -->
