<?xml version="1.0" encoding="UTF-8"?>
<!-- Generated by org.testng.reporters.JUnitReportReporter -->
<testsuite hostname="vivobook-asuslaptop-x512flc-x512fl" failures="0" tests="1" name="com.apiTest.ApiTest.Dashboard_Imaging" time="2.548" errors="0" timestamp="2024-04-15T14:24:18 IST" skipped="0">
  <testcase classname="com.apiTest.ApiTest.Dashboard_Imaging" name="testAPIs" time="2.548"/>
</testsuite> <!-- com.apiTest.ApiTest.Dashboard_Imaging -->
