<?xml version="1.0" encoding="UTF-8"?>
<!-- Generated by org.testng.reporters.JUnitReportReporter -->
<testsuite hostname="vivobook-asuslaptop-x512flc-x512fl" failures="0" tests="1" name="com.apiTest.ApiTest.Cryo_Protection" time="4.027" errors="0" timestamp="2024-04-15T13:15:57 IST" skipped="0">
  <testcase classname="com.apiTest.ApiTest.Cryo_Protection" name="testAPIs" time="4.027"/>
</testsuite> <!-- com.apiTest.ApiTest.Cryo_Protection -->
