<?xml version="1.0" encoding="UTF-8"?>
<!-- Generated by org.testng.reporters.JUnitReportReporter -->
<testsuite hostname="vivobook-asuslaptop-x512flc-x512fl" failures="0" tests="1" name="com.apiTest.ApiTest.Manual_Stacking" time="2.979" errors="0" timestamp="2024-04-15T15:00:19 IST" skipped="0">
  <testcase classname="com.apiTest.ApiTest.Manual_Stacking" name="testAPIs" time="2.979"/>
</testsuite> <!-- com.apiTest.ApiTest.Manual_Stacking -->
